c:\users\kevin\documents\githubvisualstudio\esiginvaderv2\esiginvader2\debug\vc140.pdb
c:\users\kevin\documents\githubvisualstudio\esiginvaderv2\esiginvader2\debug\vc140.idb
c:\users\kevin\documents\githubvisualstudio\esiginvaderv2\esiginvader2\debug\bonus.obj
c:\users\kevin\documents\githubvisualstudio\esiginvaderv2\esiginvader2\debug\control.obj
c:\users\kevin\documents\githubvisualstudio\esiginvaderv2\esiginvader2\debug\ennemi.obj
c:\users\kevin\documents\githubvisualstudio\esiginvaderv2\esiginvader2\debug\hub.obj
c:\users\kevin\documents\githubvisualstudio\esiginvaderv2\esiginvader2\debug\joueur.obj
c:\users\kevin\documents\githubvisualstudio\esiginvaderv2\esiginvader2\debug\main.obj
c:\users\kevin\documents\githubvisualstudio\esiginvaderv2\esiginvader2\debug\missile.obj
c:\users\kevin\documents\githubvisualstudio\esiginvaderv2\esiginvader2\debug\niveau.obj
c:\users\kevin\documents\githubvisualstudio\esiginvaderv2\esiginvader2\debug\son.obj
c:\users\kevin\documents\githubvisualstudio\esiginvaderv2\esiginvader2\debug\terrain.obj
c:\users\kevin\documents\githubvisualstudio\esiginvaderv2\esiginvader2\debug\armes.obj
c:\users\kevin\documents\githubvisualstudio\esiginvaderv2\esiginvader2\debug\loader.obj
c:\users\kevin\documents\githubvisualstudio\esiginvaderv2\esiginvader2\debug\mouvement.obj
c:\users\kevin\documents\githubvisualstudio\esiginvaderv2\debug\esiginvader2.ilk
c:\users\kevin\documents\githubvisualstudio\esiginvaderv2\debug\esiginvader2.exe
c:\users\kevin\documents\githubvisualstudio\esiginvaderv2\debug\esiginvader2.pdb
c:\users\kevin\documents\githubvisualstudio\esiginvaderv2\esiginvader2\debug\esiginvader2.tlog\cl.command.1.tlog
c:\users\kevin\documents\githubvisualstudio\esiginvaderv2\esiginvader2\debug\esiginvader2.tlog\cl.read.1.tlog
c:\users\kevin\documents\githubvisualstudio\esiginvaderv2\esiginvader2\debug\esiginvader2.tlog\cl.write.1.tlog
c:\users\kevin\documents\githubvisualstudio\esiginvaderv2\esiginvader2\debug\esiginvader2.tlog\link.command.1.tlog
c:\users\kevin\documents\githubvisualstudio\esiginvaderv2\esiginvader2\debug\esiginvader2.tlog\link.read.1.tlog
c:\users\kevin\documents\githubvisualstudio\esiginvaderv2\esiginvader2\debug\esiginvader2.tlog\link.write.1.tlog
